<?xml version="1.0" encoding="UTF-8"?>
<testsuites>
  <testsuite name="Tests" tests="3" assertions="5" failures="0" errors="0" time="0.003123">
    <testsuite name="StackTest" file="/var/www/siv-v3/api/tests/StackTest.php" tests="3" assertions="5" failures="0" errors="0" time="0.003123">
      <testcase name="testEmpty" class="StackTest" file="/var/www/siv-v3/api/tests/StackTest.php" line="4" assertions="1" time="0.000587"/>
      <testcase name="testPush" class="StackTest" file="/var/www/siv-v3/api/tests/StackTest.php" line="15" assertions="2" time="0.002174"/>
      <testcase name="testPop" class="StackTest" file="/var/www/siv-v3/api/tests/StackTest.php" line="27" assertions="2" time="0.000362"/>
    </testsuite>
  </testsuite>
</testsuites>
